app/build/outputs/logs/manifest-merger-release-report.txt
-- Merging decision tree log ---
manifest
ADDED from src\main\AndroidManifest.xml:2:1-62:12
	package
		ADDED from src\main\AndroidManifest.xml:3:5-37
		INJECTED from src\main\AndroidManifest.xml
		INJECTED from src\main\AndroidManifest.xml
	android:versionName
		INJECTED from src\main\AndroidManifest.xml
		INJECTED from src\main\AndroidManifest.xml
	xmlns:android
		ADDED from src\main\AndroidManifest.xml:2:11-69
	android:versionCode
		INJECTED from src\main\AndroidManifest.xml
		INJECTED from src\main\AndroidManifest.xml
uses-permission#android.permission.INTERNET
ADDED from src\main\AndroidManifest.xml:7:5-67
MERGED from [com.crashlytics.sdk.android:crashlytics:2.5.5] AndroidManifest.xml:9:5-67
MERGED from [com.crashlytics.sdk.android:answers:1.3.6] AndroidManifest.xml:9:5-67
MERGED from [io.fabric.sdk.android:fabric:1.3.10] AndroidManifest.xml:25:5-67
MERGED from [com.crashlytics.sdk.android:crashlytics-core:2.3.8] AndroidManifest.xml:9:5-67
MERGED from [com.crashlytics.sdk.android:answers:1.3.6] AndroidManifest.xml:9:5-67
MERGED from [io.fabric.sdk.android:fabric:1.3.10] AndroidManifest.xml:25:5-67
MERGED from [io.fabric.sdk.android:fabric:1.3.10] AndroidManifest.xml:25:5-67
MERGED from [io.fabric.sdk.android:fabric:1.3.10] AndroidManifest.xml:25:5-67
MERGED from [com.crashlytics.sdk.android:beta:1.1.4] AndroidManifest.xml:9:5-67
	android:name
		ADDED from src\main\AndroidManifest.xml:7:22-64
uses-permission#android.permission.ACCESS_NETWORK_STATE
ADDED from src\main\AndroidManifest.xml:8:5-79
MERGED from [com.evernote:android-job:1.0.4] AndroidManifest.xml:13:5-79
	android:name
		ADDED from src\main\AndroidManifest.xml:8:22-76
uses-permission#android.permission.VIBRATE
ADDED from src\main\AndroidManifest.xml:9:5-66
	android:name
		ADDED from src\main\AndroidManifest.xml:9:22-63
uses-permission#android.permission.SYSTEM_ALERT_WINDOW
ADDED from src\main\AndroidManifest.xml:10:5-78
	android:name
		ADDED from src\main\AndroidManifest.xml:10:22-75
uses-permission#android.permission.BIND_JOB_SERVICE
ADDED from src\main\AndroidManifest.xml:11:5-75
	android:name
		ADDED from src\main\AndroidManifest.xml:11:22-72
uses-permission#android.permission.READ_PHONE_STATE
ADDED from src\main\AndroidManifest.xml:13:5-75
	android:name
		ADDED from src\main\AndroidManifest.xml:13:22-72
uses-permission#android.permission.RECEIVE_SMS
ADDED from src\main\AndroidManifest.xml:14:5-70
	android:name
		ADDED from src\main\AndroidManifest.xml:14:22-67
uses-permission#android.permission.READ_SMS
ADDED from src\main\AndroidManifest.xml:15:5-67
	android:name
		ADDED from src\main\AndroidManifest.xml:15:22-64
uses-permission#android.permission.RECEIVE_BOOT_COMPLETED
ADDED from src\main\AndroidManifest.xml:16:5-81
MERGED from [com.evernote:android-job:1.0.4] AndroidManifest.xml:14:5-81
	android:name
		ADDED from src\main\AndroidManifest.xml:16:22-78
application
ADDED from src\main\AndroidManifest.xml:20:5-60:19
MERGED from [com.android.support:appcompat-v7:23.1.1] AndroidManifest.xml:22:5-20
MERGED from [com.android.support:support-v4:23.2.1] AndroidManifest.xml:22:5-20
MERGED from [com.android.support:support-v4:23.2.1] AndroidManifest.xml:22:5-20
MERGED from [com.evernote:android-job:1.0.4] AndroidManifest.xml:16:5-40:19
MERGED from [com.android.support:support-v4:23.2.1] AndroidManifest.xml:22:5-20
MERGED from [com.android.support:support-v4:23.2.1] AndroidManifest.xml:22:5-20
MERGED from [com.android.support:appcompat-v7:23.1.1] AndroidManifest.xml:22:5-20
MERGED from [com.android.support:support-v4:23.2.1] AndroidManifest.xml:22:5-20
MERGED from [com.android.support:design:23.1.1] AndroidManifest.xml:22:5-20
MERGED from [com.android.support:appcompat-v7:23.1.1] AndroidManifest.xml:22:5-20
MERGED from [com.android.support:support-v4:23.2.1] AndroidManifest.xml:22:5-20
MERGED from [com.android.support:support-v4:23.2.1] AndroidManifest.xml:22:5-20
MERGED from [com.android.support:support-v4:23.2.1] AndroidManifest.xml:22:5-20
MERGED from [com.crashlytics.sdk.android:crashlytics:2.5.5] AndroidManifest.xml:11:5-20
MERGED from [com.crashlytics.sdk.android:answers:1.3.6] AndroidManifest.xml:11:5-20
MERGED from [io.fabric.sdk.android:fabric:1.3.10] AndroidManifest.xml:27:5-20
MERGED from [com.crashlytics.sdk.android:crashlytics-core:2.3.8] AndroidManifest.xml:11:5-20
MERGED from [com.crashlytics.sdk.android:answers:1.3.6] AndroidManifest.xml:11:5-20
MERGED from [io.fabric.sdk.android:fabric:1.3.10] AndroidManifest.xml:27:5-20
MERGED from [io.fabric.sdk.android:fabric:1.3.10] AndroidManifest.xml:27:5-20
MERGED from [io.fabric.sdk.android:fabric:1.3.10] AndroidManifest.xml:27:5-20
MERGED from [com.crashlytics.sdk.android:beta:1.1.4] AndroidManifest.xml:11:5-20
	android:label
		ADDED from src\main\AndroidManifest.xml:24:9-41
	android:supportsRtl
		ADDED from src\main\AndroidManifest.xml:25:9-35
	android:fullBackupContent
		ADDED from src\main\AndroidManifest.xml:21:9-55
	tools:ignore
		ADDED from [com.evernote:android-job:1.0.4] AndroidManifest.xml:16:18-44
	android:allowBackup
		ADDED from src\main\AndroidManifest.xml:22:9-35
	android:icon
		ADDED from src\main\AndroidManifest.xml:23:9-43
	android:theme
		ADDED from src\main\AndroidManifest.xml:26:9-47
service#cz.johrusk.showsmscode.NotificationService
ADDED from src\main\AndroidManifest.xml:27:9-56
	android:name
		ADDED from src\main\AndroidManifest.xml:27:18-53
service#cz.johrusk.showsmscode.OverlayService
ADDED from src\main\AndroidManifest.xml:28:9-51
	android:name
		ADDED from src\main\AndroidManifest.xml:28:18-48
service#cz.johrusk.showsmscode.ClipService
ADDED from src\main\AndroidManifest.xml:29:9-31:48
	android:exported
		ADDED from src\main\AndroidManifest.xml:31:13-37
	android:name
		ADDED from src\main\AndroidManifest.xml:30:13-40
service#cz.johrusk.showsmscode.UpdateService
ADDED from src\main\AndroidManifest.xml:32:9-35:80
	android:exported
		ADDED from src\main\AndroidManifest.xml:34:13-36
	android:permission
		ADDED from src\main\AndroidManifest.xml:35:13-69
	android:name
		ADDED from src\main\AndroidManifest.xml:33:13-42
activity#cz.johrusk.showsmscode.MainActivity
ADDED from src\main\AndroidManifest.xml:37:9-43:20
	android:name
		ADDED from src\main\AndroidManifest.xml:37:19-47
intent-filter#android.intent.action.MAIN+android.intent.category.LAUNCHER
ADDED from src\main\AndroidManifest.xml:38:13-42:29
action#android.intent.action.MAIN
ADDED from src\main\AndroidManifest.xml:39:17-69
	android:name
		ADDED from src\main\AndroidManifest.xml:39:25-66
category#android.intent.category.LAUNCHER
ADDED from src\main\AndroidManifest.xml:41:17-77
	android:name
		ADDED from src\main\AndroidManifest.xml:41:27-74
activity#cz.johrusk.showsmscode.Settings_activity
ADDED from src\main\AndroidManifest.xml:44:9-64
	android:name
		ADDED from src\main\AndroidManifest.xml:44:19-52
activity#cz.johrusk.showsmscode.AboutActivity
ADDED from src\main\AndroidManifest.xml:45:9-60
	android:name
		ADDED from src\main\AndroidManifest.xml:45:19-48
activity#cz.johrusk.showsmscode.Credits
ADDED from src\main\AndroidManifest.xml:46:9-54
	android:name
		ADDED from src\main\AndroidManifest.xml:46:19-42
activity#cz.johrusk.showsmscode.Intro_Activity
ADDED from src\main\AndroidManifest.xml:47:9-48:49
	android:label
		ADDED from src\main\AndroidManifest.xml:48:13-46
	android:name
		ADDED from src\main\AndroidManifest.xml:47:19-49
receiver#cz.johrusk.showsmscode.receiver.SmsRecieved
ADDED from src\main\AndroidManifest.xml:50:9-54:20
	android:name
		ADDED from src\main\AndroidManifest.xml:50:19-55
intent-filter#android.provider.Telephony.SMS_RECEIVED
ADDED from src\main\AndroidManifest.xml:51:13-53:29
action#android.provider.Telephony.SMS_RECEIVED
ADDED from src\main\AndroidManifest.xml:52:17-89
	android:name
		ADDED from src\main\AndroidManifest.xml:52:25-79
meta-data#io.fabric.ApiKey
ADDED from src\main\AndroidManifest.xml:57:9-59:72
	android:value
		ADDED from src\main\AndroidManifest.xml:59:13-69
	android:name
		ADDED from src\main\AndroidManifest.xml:58:13-44
uses-sdk
INJECTED from src\main\AndroidManifest.xml reason: use-sdk injection requested
MERGED from [com.github.paolorotolo:appintro:3.4.0] AndroidManifest.xml:7:5-9:41
MERGED from [com.android.support:appcompat-v7:23.1.1] AndroidManifest.xml:20:5-43
MERGED from [com.android.support:support-v4:23.2.1] AndroidManifest.xml:20:5-43
MERGED from [com.android.support:support-v4:23.2.1] AndroidManifest.xml:20:5-43
MERGED from [com.evernote:android-job:1.0.4] AndroidManifest.xml:8:5-10:41
MERGED from [com.android.support:support-v4:23.2.1] AndroidManifest.xml:20:5-43
MERGED from [net.vrallev.android:cat:1.0.2] AndroidManifest.xml:7:5-9:41
MERGED from [com.android.support:support-v4:23.2.1] AndroidManifest.xml:20:5-43
MERGED from [com.android.support:appcompat-v7:23.1.1] AndroidManifest.xml:20:5-43
MERGED from [com.android.support:support-v4:23.2.1] AndroidManifest.xml:20:5-43
MERGED from [com.android.support:design:23.1.1] AndroidManifest.xml:20:5-43
MERGED from [com.android.support:appcompat-v7:23.1.1] AndroidManifest.xml:20:5-43
MERGED from [com.android.support:support-v4:23.2.1] AndroidManifest.xml:20:5-43
MERGED from [com.android.support:recyclerview-v7:23.1.1] AndroidManifest.xml:20:5-43
MERGED from [com.android.support:support-v4:23.2.1] AndroidManifest.xml:20:5-43
MERGED from [com.android.support:support-v4:23.2.1] AndroidManifest.xml:20:5-43
MERGED from [com.crashlytics.sdk.android:crashlytics:2.5.5] AndroidManifest.xml:7:5-43
MERGED from [com.crashlytics.sdk.android:answers:1.3.6] AndroidManifest.xml:7:5-43
MERGED from [io.fabric.sdk.android:fabric:1.3.10] AndroidManifest.xml:23:5-43
MERGED from [com.crashlytics.sdk.android:crashlytics-core:2.3.8] AndroidManifest.xml:7:5-43
MERGED from [com.crashlytics.sdk.android:answers:1.3.6] AndroidManifest.xml:7:5-43
MERGED from [io.fabric.sdk.android:fabric:1.3.10] AndroidManifest.xml:23:5-43
MERGED from [io.fabric.sdk.android:fabric:1.3.10] AndroidManifest.xml:23:5-43
MERGED from [io.fabric.sdk.android:fabric:1.3.10] AndroidManifest.xml:23:5-43
MERGED from [com.crashlytics.sdk.android:beta:1.1.4] AndroidManifest.xml:7:5-43
	android:targetSdkVersion
		INJECTED from src\main\AndroidManifest.xml
		INJECTED from src\main\AndroidManifest.xml
	android:minSdkVersion
		INJECTED from src\main\AndroidManifest.xml
		INJECTED from src\main\AndroidManifest.xml
uses-permission#android.permission.WAKE_LOCK
ADDED from [com.evernote:android-job:1.0.4] AndroidManifest.xml:12:5-68
	android:name
		ADDED from [com.evernote:android-job:1.0.4] AndroidManifest.xml:12:22-65
service#com.evernote.android.job.v21.PlatformJobService
ADDED from [com.evernote:android-job:1.0.4] AndroidManifest.xml:17:9-20:72
	android:exported
		ADDED from [com.evernote:android-job:1.0.4] AndroidManifest.xml:19:13-37
	android:permission
		ADDED from [com.evernote:android-job:1.0.4] AndroidManifest.xml:20:13-69
	android:name
		ADDED from [com.evernote:android-job:1.0.4] AndroidManifest.xml:18:13-75
service#com.evernote.android.job.v14.PlatformAlarmService
ADDED from [com.evernote:android-job:1.0.4] AndroidManifest.xml:21:9-23:40
	android:exported
		ADDED from [com.evernote:android-job:1.0.4] AndroidManifest.xml:23:13-37
	android:name
		ADDED from [com.evernote:android-job:1.0.4] AndroidManifest.xml:22:13-77
receiver#com.evernote.android.job.v14.PlatformAlarmReceiver
ADDED from [com.evernote:android-job:1.0.4] AndroidManifest.xml:25:9-32:20
	android:exported
		ADDED from [com.evernote:android-job:1.0.4] AndroidManifest.xml:27:13-37
	android:name
		ADDED from [com.evernote:android-job:1.0.4] AndroidManifest.xml:26:13-78
intent-filter#com.evernote.android.job.v14.RUN_JOB+net.vrallev.android.job.v14.RUN_JOB
ADDED from [com.evernote:android-job:1.0.4] AndroidManifest.xml:28:13-31:29
action#com.evernote.android.job.v14.RUN_JOB
ADDED from [com.evernote:android-job:1.0.4] AndroidManifest.xml:29:17-79
	android:name
		ADDED from [com.evernote:android-job:1.0.4] AndroidManifest.xml:29:25-76
action#net.vrallev.android.job.v14.RUN_JOB
ADDED from [com.evernote:android-job:1.0.4] AndroidManifest.xml:30:17-78
	android:name
		ADDED from [com.evernote:android-job:1.0.4] AndroidManifest.xml:30:25-75
receiver#com.evernote.android.job.JobBootReceiver
ADDED from [com.evernote:android-job:1.0.4] AndroidManifest.xml:33:9-39:20
	android:exported
		ADDED from [com.evernote:android-job:1.0.4] AndroidManifest.xml:35:13-37
	android:name
		ADDED from [com.evernote:android-job:1.0.4] AndroidManifest.xml:34:13-68
intent-filter#android.intent.action.BOOT_COMPLETED
ADDED from [com.evernote:android-job:1.0.4] AndroidManifest.xml:36:13-38:29
action#android.intent.action.BOOT_COMPLETED
ADDED from [com.evernote:android-job:1.0.4] AndroidManifest.xml:37:17-79
	android:name
		ADDED from [com.evernote:android-job:1.0.4] AndroidManifest.xml:37:25-76